0 verbose cli C:\Program Files\nodejs\node.exe C:\Users\user\AppData\Roaming\npm\node_modules\npm\bin\npm-cli.js
1 info using npm@11.5.2
2 info using node@v22.17.0
3 silly config load:file:C:\Users\user\AppData\Roaming\npm\node_modules\npm\npmrc
4 silly config load:file:D:\كورسات برمجة\frontend web\ALX\FE Pro Dev\FE PRO DEV-projects\alx-pwa-0x01\alx-movie-app\.npmrc
5 silly config load:file:C:\Users\user\.npmrc
6 silly config load:file:C:\Users\user\AppData\Roaming\npm\etc\npmrc
7 verbose title npm i webpack
8 verbose argv "i" "--save-dev" "webpack"
9 verbose logfile logs-max:10 dir:D:\كورسات برمجة\frontend web\ALX\FE Pro Dev\FE PRO DEV-projects\alx-pwa-0x01\alx-movie-app\clean\_logs\2025-08-21T15_21_55_037Z-
10 verbose logfile D:\كورسات برمجة\frontend web\ALX\FE Pro Dev\FE PRO DEV-projects\alx-pwa-0x01\alx-movie-app\clean\_logs\2025-08-21T15_21_55_037Z-debug-0.log
11 silly logfile done cleaning log files
12 silly packumentCache heap:2197815296 maxSize:549453824 maxEntrySize:274726912
13 silly idealTree buildDeps
14 silly fetch manifest webpack@^5.97.1
15 silly packumentCache full:https://registry.npmjs.org/webpack cache-miss
16 http fetch GET 200 https://registry.npmjs.org/webpack 1194ms (cache revalidated)
17 silly packumentCache full:https://registry.npmjs.org/webpack set size:4881351 disposed:false
18 silly placeDep ROOT webpack@5.101.3 REPLACE for: alx-movie-app@0.1.0 want: ^5.97.1
19 silly fetch manifest @types/estree@^1.0.8
20 silly packumentCache full:https://registry.npmjs.org/@types%2festree cache-miss
21 silly fetch manifest acorn-import-phases@^1.0.3
22 silly packumentCache full:https://registry.npmjs.org/acorn-import-phases cache-miss
23 silly fetch manifest schema-utils@^4.3.2
24 silly packumentCache full:https://registry.npmjs.org/schema-utils cache-miss
25 http fetch GET 200 https://registry.npmjs.org/@types%2festree 146ms (cache miss)
26 silly packumentCache full:https://registry.npmjs.org/@types%2festree set size:undefined disposed:false
27 silly fetch manifest webpack-sources@^3.3.3
28 silly packumentCache full:https://registry.npmjs.org/webpack-sources cache-miss
29 http fetch GET 200 https://registry.npmjs.org/webpack-sources 173ms (cache miss)
30 silly packumentCache full:https://registry.npmjs.org/webpack-sources set size:undefined disposed:false
31 http fetch GET 200 https://registry.npmjs.org/schema-utils 370ms (cache miss)
32 silly packumentCache full:https://registry.npmjs.org/schema-utils set size:undefined disposed:false
33 http fetch GET 200 https://registry.npmjs.org/acorn-import-phases 422ms (cache miss)
34 silly packumentCache full:https://registry.npmjs.org/acorn-import-phases set size:undefined disposed:false
35 silly fetch manifest acorn@^8.15.0
36 silly packumentCache full:https://registry.npmjs.org/acorn cache-miss
37 http fetch GET 200 https://registry.npmjs.org/acorn 85ms (cache revalidated)
38 silly packumentCache full:https://registry.npmjs.org/acorn set size:377362 disposed:false
39 silly placeDep ROOT @types/estree@1.0.8 REPLACE for: webpack@5.101.3 want: ^1.0.8
40 silly placeDep ROOT acorn-import-phases@1.0.4 OK for: webpack@5.101.3 want: ^1.0.3
41 silly placeDep ROOT schema-utils@4.3.2 OK for: webpack@5.101.3 want: ^4.3.2
42 silly placeDep ROOT webpack-sources@3.3.3 OK for: webpack@5.101.3 want: ^3.3.3
43 silly fetch manifest ajv@^8.9.0
44 silly packumentCache full:https://registry.npmjs.org/ajv cache-miss
45 silly fetch manifest ajv-keywords@^5.1.0
46 silly packumentCache full:https://registry.npmjs.org/ajv-keywords cache-miss
47 http fetch GET 200 https://registry.npmjs.org/ajv-keywords 132ms (cache miss)
48 silly packumentCache full:https://registry.npmjs.org/ajv-keywords set size:undefined disposed:false
49 http fetch GET 200 https://registry.npmjs.org/ajv 589ms (cache miss)
50 silly packumentCache full:https://registry.npmjs.org/ajv set size:undefined disposed:false
51 silly placeDep node_modules/schema-utils ajv@8.17.1 OK for: schema-utils@4.3.2 want: ^8.9.0
52 silly placeDep node_modules/schema-utils ajv-keywords@5.1.0 OK for: schema-utils@4.3.2 want: ^5.1.0
53 silly fetch manifest json-schema-traverse@^1.0.0
54 silly packumentCache full:https://registry.npmjs.org/json-schema-traverse cache-miss
55 http fetch GET 200 https://registry.npmjs.org/json-schema-traverse 103ms (cache miss)
56 silly packumentCache full:https://registry.npmjs.org/json-schema-traverse set size:undefined disposed:false
57 silly placeDep node_modules/schema-utils json-schema-traverse@1.0.0 OK for: ajv@8.17.1 want: ^1.0.0
58 silly reify mark retired [
58 silly reify   'D:\\كورسات برمجة\\frontend web\\ALX\\FE Pro Dev\\FE PRO DEV-projects\\alx-pwa-0x01\\alx-movie-app\\node_modules\\@types\\estree'
58 silly reify ]
59 silly reify mark retired [
59 silly reify   'D:\\كورسات برمجة\\frontend web\\ALX\\FE Pro Dev\\FE PRO DEV-projects\\alx-pwa-0x01\\alx-movie-app\\node_modules\\ajv-keywords'
59 silly reify ]
60 silly reify mark retired [
60 silly reify   'D:\\كورسات برمجة\\frontend web\\ALX\\FE Pro Dev\\FE PRO DEV-projects\\alx-pwa-0x01\\alx-movie-app\\node_modules\\schema-utils'
60 silly reify ]
61 silly reify mark retired [
61 silly reify   'D:\\كورسات برمجة\\frontend web\\ALX\\FE Pro Dev\\FE PRO DEV-projects\\alx-pwa-0x01\\alx-movie-app\\node_modules\\terser-webpack-plugin\\node_modules\\ajv'
61 silly reify ]
62 silly reify mark retired [
62 silly reify   'D:\\كورسات برمجة\\frontend web\\ALX\\FE Pro Dev\\FE PRO DEV-projects\\alx-pwa-0x01\\alx-movie-app\\node_modules\\terser-webpack-plugin\\node_modules\\ajv-keywords'
62 silly reify ]
63 silly reify mark retired [
63 silly reify   'D:\\كورسات برمجة\\frontend web\\ALX\\FE Pro Dev\\FE PRO DEV-projects\\alx-pwa-0x01\\alx-movie-app\\node_modules\\terser-webpack-plugin\\node_modules\\json-schema-traverse'
63 silly reify ]
64 silly reify mark retired [
64 silly reify   'D:\\كورسات برمجة\\frontend web\\ALX\\FE Pro Dev\\FE PRO DEV-projects\\alx-pwa-0x01\\alx-movie-app\\node_modules\\terser-webpack-plugin\\node_modules\\schema-utils'
64 silly reify ]
65 silly reify mark retired [
65 silly reify   'D:\\كورسات برمجة\\frontend web\\ALX\\FE Pro Dev\\FE PRO DEV-projects\\alx-pwa-0x01\\alx-movie-app\\node_modules\\webpack',
65 silly reify   'D:\\كورسات برمجة\\frontend web\\ALX\\FE Pro Dev\\FE PRO DEV-projects\\alx-pwa-0x01\\alx-movie-app\\node_modules\\.bin\\webpack',
65 silly reify   'D:\\كورسات برمجة\\frontend web\\ALX\\FE Pro Dev\\FE PRO DEV-projects\\alx-pwa-0x01\\alx-movie-app\\node_modules\\.bin\\webpack.cmd',
65 silly reify   'D:\\كورسات برمجة\\frontend web\\ALX\\FE Pro Dev\\FE PRO DEV-projects\\alx-pwa-0x01\\alx-movie-app\\node_modules\\.bin\\webpack.ps1'
65 silly reify ]
66 silly reify mark retired [
66 silly reify   'D:\\كورسات برمجة\\frontend web\\ALX\\FE Pro Dev\\FE PRO DEV-projects\\alx-pwa-0x01\\alx-movie-app\\node_modules\\webpack-sources'
66 silly reify ]
67 silly reify moves {
67 silly reify   'D:\\كورسات برمجة\\frontend web\\ALX\\FE Pro Dev\\FE PRO DEV-projects\\alx-pwa-0x01\\alx-movie-app\\node_modules\\@types\\estree': 'D:\\كورسات برمجة\\frontend web\\ALX\\FE Pro Dev\\FE PRO DEV-projects\\alx-pwa-0x01\\alx-movie-app\\node_modules\\@types\\.estree-aBWepGz2',
67 silly reify   'D:\\كورسات برمجة\\frontend web\\ALX\\FE Pro Dev\\FE PRO DEV-projects\\alx-pwa-0x01\\alx-movie-app\\node_modules\\ajv-keywords': 'D:\\كورسات برمجة\\frontend web\\ALX\\FE Pro Dev\\FE PRO DEV-projects\\alx-pwa-0x01\\alx-movie-app\\node_modules\\.ajv-keywords-WFTaWyob',
67 silly reify   'D:\\كورسات برمجة\\frontend web\\ALX\\FE Pro Dev\\FE PRO DEV-projects\\alx-pwa-0x01\\alx-movie-app\\node_modules\\schema-utils': 'D:\\كورسات برمجة\\frontend web\\ALX\\FE Pro Dev\\FE PRO DEV-projects\\alx-pwa-0x01\\alx-movie-app\\node_modules\\.schema-utils-2NxGT2wM',
67 silly reify   'D:\\كورسات برمجة\\frontend web\\ALX\\FE Pro Dev\\FE PRO DEV-projects\\alx-pwa-0x01\\alx-movie-app\\node_modules\\terser-webpack-plugin\\node_modules\\ajv': 'D:\\كورسات برمجة\\frontend web\\ALX\\FE Pro Dev\\FE PRO DEV-projects\\alx-pwa-0x01\\alx-movie-app\\node_modules\\terser-webpack-plugin\\node_modules\\.ajv-GPD3lhor',
67 silly reify   'D:\\كورسات برمجة\\frontend web\\ALX\\FE Pro Dev\\FE PRO DEV-projects\\alx-pwa-0x01\\alx-movie-app\\node_modules\\terser-webpack-plugin\\node_modules\\ajv-keywords': 'D:\\كورسات برمجة\\frontend web\\ALX\\FE Pro Dev\\FE PRO DEV-projects\\alx-pwa-0x01\\alx-movie-app\\node_modules\\terser-webpack-plugin\\node_modules\\.ajv-keywords-61Hn7tKk',
67 silly reify   'D:\\كورسات برمجة\\frontend web\\ALX\\FE Pro Dev\\FE PRO DEV-projects\\alx-pwa-0x01\\alx-movie-app\\node_modules\\terser-webpack-plugin\\node_modules\\json-schema-traverse': 'D:\\كورسات برمجة\\frontend web\\ALX\\FE Pro Dev\\FE PRO DEV-projects\\alx-pwa-0x01\\alx-movie-app\\node_modules\\terser-webpack-plugin\\node_modules\\.json-schema-traverse-usq8gCa2',
67 silly reify   'D:\\كورسات برمجة\\frontend web\\ALX\\FE Pro Dev\\FE PRO DEV-projects\\alx-pwa-0x01\\alx-movie-app\\node_modules\\terser-webpack-plugin\\node_modules\\schema-utils': 'D:\\كورسات برمجة\\frontend web\\ALX\\FE Pro Dev\\FE PRO DEV-projects\\alx-pwa-0x01\\alx-movie-app\\node_modules\\terser-webpack-plugin\\node_modules\\.schema-utils-oezcCB83',
67 silly reify   'D:\\كورسات برمجة\\frontend web\\ALX\\FE Pro Dev\\FE PRO DEV-projects\\alx-pwa-0x01\\alx-movie-app\\node_modules\\webpack': 'D:\\كورسات برمجة\\frontend web\\ALX\\FE Pro Dev\\FE PRO DEV-projects\\alx-pwa-0x01\\alx-movie-app\\node_modules\\.webpack-nK370gpZ',
67 silly reify   'D:\\كورسات برمجة\\frontend web\\ALX\\FE Pro Dev\\FE PRO DEV-projects\\alx-pwa-0x01\\alx-movie-app\\node_modules\\.bin\\webpack': 'D:\\كورسات برمجة\\frontend web\\ALX\\FE Pro Dev\\FE PRO DEV-projects\\alx-pwa-0x01\\alx-movie-app\\node_modules\\.bin\\.webpack-stmgaVs7',
67 silly reify   'D:\\كورسات برمجة\\frontend web\\ALX\\FE Pro Dev\\FE PRO DEV-projects\\alx-pwa-0x01\\alx-movie-app\\node_modules\\.bin\\webpack.cmd': 'D:\\كورسات برمجة\\frontend web\\ALX\\FE Pro Dev\\FE PRO DEV-projects\\alx-pwa-0x01\\alx-movie-app\\node_modules\\.bin\\.webpack.cmd-WQzvX5sR',
67 silly reify   'D:\\كورسات برمجة\\frontend web\\ALX\\FE Pro Dev\\FE PRO DEV-projects\\alx-pwa-0x01\\alx-movie-app\\node_modules\\.bin\\webpack.ps1': 'D:\\كورسات برمجة\\frontend web\\ALX\\FE Pro Dev\\FE PRO DEV-projects\\alx-pwa-0x01\\alx-movie-app\\node_modules\\.bin\\.webpack.ps1-6bfXLHPi',
67 silly reify   'D:\\كورسات برمجة\\frontend web\\ALX\\FE Pro Dev\\FE PRO DEV-projects\\alx-pwa-0x01\\alx-movie-app\\node_modules\\webpack-sources': 'D:\\كورسات برمجة\\frontend web\\ALX\\FE Pro Dev\\FE PRO DEV-projects\\alx-pwa-0x01\\alx-movie-app\\node_modules\\.webpack-sources-q6nydL5r'
67 silly reify }
68 silly audit bulk request {
68 silly audit   '@alloc/quick-lru': [ '5.2.0' ],
68 silly audit   '@ampproject/remapping': [ '2.3.0' ],
68 silly audit   '@babel/code-frame': [ '7.27.1' ],
68 silly audit   '@babel/compat-data': [ '7.26.5' ],
68 silly audit   '@babel/core': [ '7.26.7' ],
68 silly audit   json5: [ '2.2.3', '1.0.2' ],
68 silly audit   semver: [ '6.3.1', '7.6.3', '7.7.2' ],
68 silly audit   '@babel/generator': [ '7.26.5' ],
68 silly audit   '@babel/helper-annotate-as-pure': [ '7.25.9' ],
68 silly audit   '@babel/helper-compilation-targets': [ '7.26.5' ],
68 silly audit   'lru-cache': [ '5.1.1', '10.4.3' ],
68 silly audit   '@babel/helper-create-class-features-plugin': [ '7.25.9' ],
68 silly audit   '@babel/helper-create-regexp-features-plugin': [ '7.26.3' ],
68 silly audit   '@babel/helper-define-polyfill-provider': [ '0.6.3' ],
68 silly audit   '@babel/helper-member-expression-to-functions': [ '7.25.9' ],
68 silly audit   '@babel/helper-module-imports': [ '7.25.9' ],
68 silly audit   '@babel/helper-module-transforms': [ '7.26.0' ],
68 silly audit   '@babel/helper-optimise-call-expression': [ '7.25.9' ],
68 silly audit   '@babel/helper-plugin-utils': [ '7.26.5' ],
68 silly audit   '@babel/helper-remap-async-to-generator': [ '7.25.9' ],
68 silly audit   '@babel/helper-replace-supers': [ '7.26.5' ],
68 silly audit   '@babel/helper-skip-transparent-expression-wrappers': [ '7.25.9' ],
68 silly audit   '@babel/helper-string-parser': [ '7.27.1' ],
68 silly audit   '@babel/helper-validator-identifier': [ '7.27.1' ],
68 silly audit   '@babel/helper-validator-option': [ '7.25.9' ],
68 silly audit   '@babel/helper-wrap-function': [ '7.25.9' ],
68 silly audit   '@babel/helpers': [ '7.28.3' ],
68 silly audit   '@babel/parser': [ '7.28.3' ],
68 silly audit   '@babel/plugin-bugfix-firefox-class-in-computed-class-key': [ '7.25.9' ],
68 silly audit   '@babel/plugin-bugfix-safari-class-field-initializer-scope': [ '7.25.9' ],
68 silly audit   '@babel/plugin-bugfix-safari-id-destructuring-collision-in-function-expression': [ '7.25.9' ],
68 silly audit   '@babel/plugin-bugfix-v8-spread-parameters-in-optional-chaining': [ '7.25.9' ],
68 silly audit   '@babel/plugin-bugfix-v8-static-class-fields-redefine-readonly': [ '7.25.9' ],
68 silly audit   '@babel/plugin-proposal-private-property-in-object': [ '7.21.0-placeholder-for-preset-env.2' ],
68 silly audit   '@babel/plugin-syntax-import-assertions': [ '7.26.0' ],
68 silly audit   '@babel/plugin-syntax-import-attributes': [ '7.26.0' ],
68 silly audit   '@babel/plugin-syntax-unicode-sets-regex': [ '7.18.6' ],
68 silly audit   '@babel/plugin-transform-arrow-functions': [ '7.25.9' ],
68 silly audit   '@babel/plugin-transform-async-generator-functions': [ '7.25.9' ],
68 silly audit   '@babel/plugin-transform-async-to-generator': [ '7.25.9' ],
68 silly audit   '@babel/plugin-transform-block-scoped-functions': [ '7.26.5' ],
68 silly audit   '@babel/plugin-transform-block-scoping': [ '7.25.9' ],
68 silly audit   '@babel/plugin-transform-class-properties': [ '7.25.9' ],
68 silly audit   '@babel/plugin-transform-class-static-block': [ '7.26.0' ],
68 silly audit   '@babel/plugin-transform-classes': [ '7.25.9' ],
68 silly audit   globals: [ '11.12.0', '14.0.0' ],
68 silly audit   '@babel/plugin-transform-computed-properties': [ '7.25.9' ],
68 silly audit   '@babel/plugin-transform-destructuring': [ '7.25.9' ],
68 silly audit   '@babel/plugin-transform-dotall-regex': [ '7.25.9' ],
68 silly audit   '@babel/plugin-transform-duplicate-keys': [ '7.25.9' ],
68 silly audit   '@babel/plugin-transform-duplicate-named-capturing-groups-regex': [ '7.25.9' ],
68 silly audit   '@babel/plugin-transform-dynamic-import': [ '7.25.9' ],
68 silly audit   '@babel/plugin-transform-exponentiation-operator': [ '7.26.3' ],
68 silly audit   '@babel/plugin-transform-export-namespace-from': [ '7.25.9' ],
68 silly audit   '@babel/plugin-transform-for-of': [ '7.25.9' ],
68 silly audit   '@babel/plugin-transform-function-name': [ '7.25.9' ],
68 silly audit   '@babel/plugin-transform-json-strings': [ '7.25.9' ],
68 silly audit   '@babel/plugin-transform-literals': [ '7.25.9' ],
68 silly audit   '@babel/plugin-transform-logical-assignment-operators': [ '7.25.9' ],
68 silly audit   '@babel/plugin-transform-member-expression-literals': [ '7.25.9' ],
68 silly audit   '@babel/plugin-transform-modules-amd': [ '7.25.9' ],
68 silly audit   '@babel/plugin-transform-modules-commonjs': [ '7.26.3' ],
68 silly audit   '@babel/plugin-transform-modules-systemjs': [ '7.25.9' ],
68 silly audit   '@babel/plugin-transform-modules-umd': [ '7.25.9' ],
68 silly audit   '@babel/plugin-transform-named-capturing-groups-regex': [ '7.25.9' ],
68 silly audit   '@babel/plugin-transform-new-target': [ '7.25.9' ],
68 silly audit   '@babel/plugin-transform-nullish-coalescing-operator': [ '7.26.6' ],
68 silly audit   '@babel/plugin-transform-numeric-separator': [ '7.25.9' ],
68 silly audit   '@babel/plugin-transform-object-rest-spread': [ '7.25.9' ],
68 silly audit   '@babel/plugin-transform-object-super': [ '7.25.9' ],
68 silly audit   '@babel/plugin-transform-optional-catch-binding': [ '7.25.9' ],
68 silly audit   '@babel/plugin-transform-optional-chaining': [ '7.25.9' ],
68 silly audit   '@babel/plugin-transform-parameters': [ '7.25.9' ],
68 silly audit   '@babel/plugin-transform-private-methods': [ '7.25.9' ],
68 silly audit   '@babel/plugin-transform-private-property-in-object': [ '7.25.9' ],
68 silly audit   '@babel/plugin-transform-property-literals': [ '7.25.9' ],
68 silly audit   '@babel/plugin-transform-regenerator': [ '7.25.9' ],
68 silly audit   '@babel/plugin-transform-regexp-modifiers': [ '7.26.0' ],
68 silly audit   '@babel/plugin-transform-reserved-words': [ '7.25.9' ],
68 silly audit   '@babel/plugin-transform-shorthand-properties': [ '7.25.9' ],
68 silly audit   '@babel/plugin-transform-spread': [ '7.25.9' ],
68 silly audit   '@babel/plugin-transform-sticky-regex': [ '7.25.9' ],
68 silly audit   '@babel/plugin-transform-template-literals': [ '7.25.9' ],
68 silly audit   '@babel/plugin-transform-typeof-symbol': [ '7.26.7' ],
68 silly audit   '@babel/plugin-transform-unicode-escapes': [ '7.25.9' ],
68 silly audit   '@babel/plugin-transform-unicode-property-regex': [ '7.25.9' ],
68 silly audit   '@babel/plugin-transform-unicode-regex': [ '7.25.9' ],
68 silly audit   '@babel/plugin-transform-unicode-sets-regex': [ '7.25.9' ],
68 silly audit   '@babel/preset-env': [ '7.26.7' ],
68 silly audit   '@babel/preset-modules': [ '0.1.6-no-external-plugins' ],
68 silly audit   '@babel/runtime': [ '7.28.3' ],
68 silly audit   '@babel/template': [ '7.27.2' ],
68 silly audit   '@babel/traverse': [ '7.26.7' ],
68 silly audit   '@babel/types': [ '7.28.2' ],
68 silly audit   '@ducanh2912/next-pwa': [ '10.2.9' ],
68 silly audit   'fast-glob': [ '3.3.2', '3.3.3', '3.3.1' ],
68 silly audit   'glob-parent': [ '5.1.2', '6.0.2' ],
68 silly audit   '@emnapi/runtime': [ '1.4.5' ],
68 silly audit   '@eslint-community/eslint-utils': [ '4.4.1' ],
68 silly audit   'eslint-visitor-keys': [ '3.4.3', '4.2.1' ],
68 silly audit   '@eslint-community/regexpp': [ '4.12.1' ],
68 silly audit   '@eslint/config-array': [ '0.21.0' ],
68 silly audit   '@eslint/config-helpers': [ '0.3.1' ],
68 silly audit   '@eslint/core': [ '0.15.2' ],
68 silly audit   '@eslint/eslintrc': [ '3.3.1' ],
68 silly audit   '@eslint/js': [ '9.33.0' ],
68 silly audit   '@eslint/object-schema': [ '2.1.6' ],
68 silly audit   '@eslint/plugin-kit': [ '0.3.5' ],
68 silly audit   '@fortawesome/fontawesome-common-types': [ '6.7.2' ],
68 silly audit   '@fortawesome/fontawesome-svg-core': [ '6.7.2' ],
68 silly audit   '@fortawesome/free-brands-svg-icons': [ '6.7.2' ],
68 silly audit   '@fortawesome/react-fontawesome': [ '0.2.2' ],
68 silly audit   '@humanfs/core': [ '0.19.1' ],
68 silly audit   '@humanfs/node': [ '0.16.6' ],
68 silly audit   '@humanwhocodes/retry': [ '0.3.1', '0.4.3' ],
68 silly audit   '@humanwhocodes/module-importer': [ '1.0.1' ],
68 silly audit   '@img/sharp-darwin-arm64': [ '0.34.3' ],
68 silly audit   '@img/sharp-darwin-x64': [ '0.34.3' ],
68 silly audit   '@img/sharp-libvips-darwin-arm64': [ '1.2.0' ],
68 silly audit   '@img/sharp-libvips-darwin-x64': [ '1.2.0' ],
68 silly audit   '@img/sharp-libvips-linux-arm': [ '1.2.0' ],
68 silly audit   '@img/sharp-libvips-linux-arm64': [ '1.2.0' ],
68 silly audit   '@img/sharp-libvips-linux-ppc64': [ '1.2.0' ],
68 silly audit   '@img/sharp-libvips-linux-s390x': [ '1.2.0' ],
68 silly audit   '@img/sharp-libvips-linux-x64': [ '1.2.0' ],
68 silly audit   '@img/sharp-libvips-linuxmusl-arm64': [ '1.2.0' ],
68 silly audit   '@img/sharp-libvips-linuxmusl-x64': [ '1.2.0' ],
68 silly audit   '@img/sharp-linux-arm': [ '0.34.3' ],
68 silly audit   '@img/sharp-linux-arm64': [ '0.34.3' ],
68 silly audit   '@img/sharp-linux-ppc64': [ '0.34.3' ],
68 silly audit   '@img/sharp-linux-s390x': [ '0.34.3' ],
68 silly audit   '@img/sharp-linux-x64': [ '0.34.3' ],
68 silly audit   '@img/sharp-linuxmusl-arm64': [ '0.34.3' ],
68 silly audit   '@img/sharp-linuxmusl-x64': [ '0.34.3' ],
68 silly audit   '@img/sharp-wasm32': [ '0.34.3' ],
68 silly audit   '@img/sharp-win32-arm64': [ '0.34.3' ],
68 silly audit   '@img/sharp-win32-ia32': [ '0.34.3' ],
68 silly audit   '@img/sharp-win32-x64': [ '0.34.3' ],
68 silly audit   '@isaacs/cliui': [ '8.0.2' ],
68 silly audit   '@jridgewell/gen-mapping': [ '0.3.8' ],
68 silly audit   '@jridgewell/resolve-uri': [ '3.1.2' ],
68 silly audit   '@jridgewell/set-array': [ '1.2.1' ],
68 silly audit   '@jridgewell/source-map': [ '0.3.6' ],
68 silly audit   '@jridgewell/sourcemap-codec': [ '1.5.0' ],
68 silly audit   '@jridgewell/trace-mapping': [ '0.3.25' ],
68 silly audit   '@next/env': [ '15.5.0' ],
68 silly audit   '@next/eslint-plugin-next': [ '15.1.6' ],
68 silly audit   '@next/swc-darwin-arm64': [ '15.5.0' ],
68 silly audit   '@next/swc-darwin-x64': [ '15.5.0' ],
68 silly audit   '@next/swc-linux-arm64-gnu': [ '15.5.0' ],
68 silly audit   '@next/swc-linux-arm64-musl': [ '15.5.0' ],
68 silly audit   '@next/swc-linux-x64-gnu': [ '15.5.0' ],
68 silly audit   '@next/swc-linux-x64-musl': [ '15.5.0' ],
68 silly audit   '@next/swc-win32-arm64-msvc': [ '15.5.0' ],
68 silly audit   '@next/swc-win32-x64-msvc': [ '15.5.0' ],
68 silly audit   '@nodelib/fs.scandir': [ '2.1.5' ],
68 silly audit   '@nodelib/fs.stat': [ '2.0.5' ],
68 silly audit   '@nodelib/fs.walk': [ '1.2.8' ],
68 silly audit   '@nolyfill/is-core-module': [ '1.0.39' ],
68 silly audit   '@pkgjs/parseargs': [ '0.11.0' ],
68 silly audit   '@rollup/plugin-babel': [ '5.3.1' ],
68 silly audit   '@rollup/plugin-node-resolve': [ '15.3.1' ],
68 silly audit   '@rollup/pluginutils': [ '5.1.4', '3.1.0' ],
68 silly audit   'estree-walker': [ '2.0.2', '1.0.1' ],
68 silly audit   picomatch: [ '4.0.2', '2.3.1' ],
68 silly audit   '@rollup/plugin-replace': [ '2.4.2' ],
68 silly audit   '@rollup/plugin-terser': [ '0.4.4' ],
68 silly audit   '@types/estree': [ '0.0.39', '1.0.8' ],
68 silly audit   '@rtsao/scc': [ '1.1.0' ],
68 silly audit   '@rushstack/eslint-patch': [ '1.10.5' ],
68 silly audit   '@surma/rollup-plugin-off-main-thread': [ '2.2.3' ],
68 silly audit   '@swc/helpers': [ '0.5.15' ],
68 silly audit   '@types/eslint': [ '9.6.1' ],
68 silly audit   '@types/eslint-scope': [ '3.7.7' ],
68 silly audit   '@types/json-schema': [ '7.0.15' ],
68 silly audit   '@types/json5': [ '0.0.29' ],
68 silly audit   '@types/node': [ '20.17.16' ],
68 silly audit   '@types/react': [ '19.0.8' ],
68 silly audit   '@types/react-dom': [ '19.0.3' ],
68 silly audit   '@types/resolve': [ '1.20.2' ],
68 silly audit   '@types/trusted-types': [ '2.0.7' ],
68 silly audit   '@typescript-eslint/eslint-plugin': [ '8.21.0' ],
68 silly audit   '@typescript-eslint/parser': [ '8.21.0' ],
68 silly audit   '@typescript-eslint/scope-manager': [ '8.21.0' ],
68 silly audit   '@typescript-eslint/type-utils': [ '8.21.0' ],
68 silly audit   '@typescript-eslint/types': [ '8.21.0' ],
68 silly audit   '@typescript-eslint/typescript-estree': [ '8.21.0' ],
68 silly audit   'brace-expansion': [ '2.0.2', '1.1.12' ],
68 silly audit   minimatch: [ '9.0.5', '5.1.6', '3.1.2' ],
68 silly audit   '@typescript-eslint/utils': [ '8.21.0' ],
68 silly audit   '@typescript-eslint/visitor-keys': [ '8.21.0' ],
68 silly audit   '@webassemblyjs/ast': [ '1.14.1' ],
68 silly audit   '@webassemblyjs/floating-point-hex-parser': [ '1.13.2' ],
68 silly audit   '@webassemblyjs/helper-api-error': [ '1.13.2' ],
68 silly audit   '@webassemblyjs/helper-buffer': [ '1.14.1' ],
68 silly audit   '@webassemblyjs/helper-numbers': [ '1.13.2' ],
68 silly audit   '@webassemblyjs/helper-wasm-bytecode': [ '1.13.2' ],
68 silly audit   '@webassemblyjs/helper-wasm-section': [ '1.14.1' ],
68 silly audit   '@webassemblyjs/ieee754': [ '1.13.2' ],
68 silly audit   '@webassemblyjs/leb128': [ '1.13.2' ],
68 silly audit   '@webassemblyjs/utf8': [ '1.13.2' ],
68 silly audit   '@webassemblyjs/wasm-edit': [ '1.14.1' ],
68 silly audit   '@webassemblyjs/wasm-gen': [ '1.14.1' ],
68 silly audit   '@webassemblyjs/wasm-opt': [ '1.14.1' ],
68 silly audit   '@webassemblyjs/wasm-parser': [ '1.14.1' ],
68 silly audit   '@webassemblyjs/wast-printer': [ '1.14.1' ],
68 silly audit   '@xtuc/ieee754': [ '1.2.0' ],
68 silly audit   '@xtuc/long': [ '4.2.2' ],
68 silly audit   acorn: [ '8.15.0' ],
68 silly audit   'acorn-jsx': [ '5.3.2' ],
68 silly audit   ajv: [ '6.12.6', '8.17.1' ],
68 silly audit   'ajv-formats': [ '2.1.1' ],
68 silly audit   'json-schema-traverse': [ '1.0.0', '0.4.1' ],
68 silly audit   'ansi-regex': [ '6.1.0', '5.0.1' ],
68 silly audit   'ansi-styles': [ '4.3.0', '6.2.1' ],
68 silly audit   'any-promise': [ '1.3.0' ],
68 silly audit   anymatch: [ '3.1.3' ],
68 silly audit   arg: [ '5.0.2' ],
68 silly audit   argparse: [ '2.0.1' ],
68 silly audit   'aria-query': [ '5.3.2' ],
68 silly audit   'array-buffer-byte-length': [ '1.0.2' ],
68 silly audit   'array-includes': [ '3.1.8' ],
68 silly audit   'array.prototype.findlast': [ '1.2.5' ],
68 silly audit   'array.prototype.findlastindex': [ '1.2.5' ],
68 silly audit   'array.prototype.flat': [ '1.3.3' ],
68 silly audit   'array.prototype.flatmap': [ '1.3.3' ],
68 silly audit   'array.prototype.tosorted': [ '1.1.4' ],
68 silly audit   'arraybuffer.prototype.slice': [ '1.0.4' ],
68 silly audit   'ast-types-flow': [ '0.0.8' ],
68 silly audit   async: [ '3.2.6' ],
68 silly audit   'async-function': [ '1.0.0' ],
68 silly audit   'at-least-node': [ '1.0.0' ],
68 silly audit   'available-typed-arrays': [ '1.0.7' ],
68 silly audit   'axe-core': [ '4.10.2' ],
68 silly audit   'axobject-query': [ '4.1.0' ],
68 silly audit   'babel-plugin-polyfill-corejs2': [ '0.4.12' ],
68 silly audit   'babel-plugin-polyfill-corejs3': [ '0.10.6' ],
68 silly audit   'babel-plugin-polyfill-regenerator': [ '0.6.3' ],
68 silly audit   'balanced-match': [ '1.0.2' ],
68 silly audit   'binary-extensions': [ '2.3.0' ],
68 silly audit   braces: [ '3.0.3' ],
68 silly audit   browserslist: [ '4.24.4' ],
68 silly audit   'buffer-from': [ '1.1.2' ],
68 silly audit   'call-bind': [ '1.0.8' ],
68 silly audit   'call-bind-apply-helpers': [ '1.0.1' ],
68 silly audit   'call-bound': [ '1.0.3' ],
68 silly audit   callsites: [ '3.1.0' ],
68 silly audit   'camelcase-css': [ '2.0.1' ],
68 silly audit   'caniuse-lite': [ '1.0.30001695' ],
68 silly audit   chalk: [ '4.1.2' ],
68 silly audit   chokidar: [ '3.6.0' ],
68 silly audit   'chrome-trace-event': [ '1.0.4' ],
68 silly audit   'client-only': [ '0.0.1' ],
68 silly audit   color: [ '4.2.3' ],
68 silly audit   'color-convert': [ '2.0.1' ],
68 silly audit   'color-name': [ '1.1.4' ],
68 silly audit   'color-string': [ '1.9.1' ],
68 silly audit   commander: [ '4.1.1', '2.20.3' ],
68 silly audit   'common-tags': [ '1.8.2' ],
68 silly audit   'concat-map': [ '0.0.1' ],
68 silly audit   'convert-source-map': [ '2.0.0' ],
68 silly audit   'core-js-compat': [ '3.40.0' ],
68 silly audit   'cross-spawn': [ '7.0.6' ],
68 silly audit   'crypto-random-string': [ '2.0.0' ],
68 silly audit   cssesc: [ '3.0.0' ],
68 silly audit   csstype: [ '3.1.3' ],
68 silly audit   'damerau-levenshtein': [ '1.0.8' ],
68 silly audit   'data-view-buffer': [ '1.0.2' ],
68 silly audit   'data-view-byte-length': [ '1.0.2' ],
68 silly audit   'data-view-byte-offset': [ '1.0.1' ],
68 silly audit   debug: [ '4.4.0', '3.2.7' ],
68 silly audit   'deep-is': [ '0.1.4' ],
68 silly audit   deepmerge: [ '4.3.1' ],
68 silly audit   'define-data-property': [ '1.1.4' ],
68 silly audit   'define-properties': [ '1.2.1' ],
68 silly audit   'detect-libc': [ '2.0.4' ],
68 silly audit   didyoumean: [ '1.2.2' ],
68 silly audit   dlv: [ '1.1.3' ],
68 silly audit   doctrine: [ '2.1.0' ],
68 silly audit   'dunder-proto': [ '1.0.1' ],
68 silly audit   eastasianwidth: [ '0.2.0' ],
68 silly audit   ejs: [ '3.1.10' ],
68 silly audit   'electron-to-chromium': [ '1.5.92' ],
68 silly audit   'emoji-regex': [ '9.2.2', '8.0.0' ],
68 silly audit   'enhanced-resolve': [ '5.18.0' ],
68 silly audit   'es-abstract': [ '1.23.9' ],
68 silly audit   'es-define-property': [ '1.0.1' ],
68 silly audit   'es-errors': [ '1.3.0' ],
68 silly audit   'es-iterator-helpers': [ '1.2.1' ],
68 silly audit   'es-module-lexer': [ '1.6.0' ],
68 silly audit   'es-object-atoms': [ '1.1.1' ],
68 silly audit   'es-set-tostringtag': [ '2.1.0' ],
68 silly audit   'es-shim-unscopables': [ '1.0.2' ],
68 silly audit   'es-to-primitive': [ '1.3.0' ],
68 silly audit   escalade: [ '3.2.0' ],
68 silly audit   'escape-string-regexp': [ '4.0.0' ],
68 silly audit   eslint: [ '9.33.0' ],
68 silly audit   'eslint-config-next': [ '15.1.6' ],
68 silly audit   'eslint-import-resolver-node': [ '0.3.9' ],
68 silly audit   'eslint-import-resolver-typescript': [ '3.7.0' ],
68 silly audit   'eslint-module-utils': [ '2.12.0' ],
68 silly audit   'eslint-plugin-import': [ '2.31.0' ],
68 silly audit   'eslint-plugin-jsx-a11y': [ '6.10.2' ],
68 silly audit   'eslint-plugin-react': [ '7.37.4' ],
68 silly audit   'eslint-plugin-react-hooks': [ '5.1.0' ],
68 silly audit   resolve: [ '2.0.0-next.5', '1.22.10' ],
68 silly audit   'eslint-scope': [ '8.4.0', '5.1.1' ],
68 silly audit   espree: [ '10.4.0' ],
68 silly audit   esquery: [ '1.6.0' ],
68 silly audit   esrecurse: [ '4.3.0' ],
68 silly audit   estraverse: [ '5.3.0', '4.3.0' ],
68 silly audit   esutils: [ '2.0.3' ],
68 silly audit   events: [ '3.3.0' ],
68 silly audit   'fast-deep-equal': [ '3.1.3' ],
68 silly audit   'fast-json-stable-stringify': [ '2.1.0' ],
68 silly audit   'fast-levenshtein': [ '2.0.6' ],
68 silly audit   'fast-uri': [ '3.0.6' ],
68 silly audit   fastq: [ '1.18.0' ],
68 silly audit   'file-entry-cache': [ '8.0.0' ],
68 silly audit   filelist: [ '1.0.4' ],
68 silly audit   'fill-range': [ '7.1.1' ],
68 silly audit   'find-up': [ '5.0.0' ],
68 silly audit   'flat-cache': [ '4.0.1' ],
68 silly audit   flatted: [ '3.3.2' ],
68 silly audit   'for-each': [ '0.3.3' ],
68 silly audit   'foreground-child': [ '3.3.0' ],
68 silly audit   'fs-extra': [ '9.1.0' ],
68 silly audit   'fs.realpath': [ '1.0.0' ],
68 silly audit   fsevents: [ '2.3.3' ],
68 silly audit   'function-bind': [ '1.1.2' ],
68 silly audit   'function.prototype.name': [ '1.1.8' ],
68 silly audit   'functions-have-names': [ '1.2.3' ],
68 silly audit   gensync: [ '1.0.0-beta.2' ],
68 silly audit   'get-intrinsic': [ '1.2.7' ],
68 silly audit   'get-own-enumerable-property-symbols': [ '3.0.2' ],
68 silly audit   'get-proto': [ '1.0.1' ],
68 silly audit   'get-symbol-description': [ '1.1.0' ],
68 silly audit   'get-tsconfig': [ '4.10.0' ],
68 silly audit   glob: [ '10.4.5', '7.2.3' ],
68 silly audit   'glob-to-regexp': [ '0.4.1' ],
68 silly audit   globalthis: [ '1.0.4' ],
68 silly audit   gopd: [ '1.2.0' ],
68 silly audit   'graceful-fs': [ '4.2.11' ],
68 silly audit   graphemer: [ '1.4.0' ],
68 silly audit   'has-bigints': [ '1.1.0' ],
68 silly audit   'has-flag': [ '4.0.0' ],
68 silly audit   'has-property-descriptors': [ '1.0.2' ],
68 silly audit   'has-proto': [ '1.2.0' ],
68 silly audit   'has-symbols': [ '1.1.0' ],
68 silly audit   'has-tostringtag': [ '1.0.2' ],
68 silly audit   hasown: [ '2.0.2' ],
68 silly audit   idb: [ '7.1.1' ],
68 silly audit   ignore: [ '5.3.2' ],
68 silly audit   'import-fresh': [ '3.3.0' ],
68 silly audit   imurmurhash: [ '0.1.4' ],
68 silly audit   inflight: [ '1.0.6' ],
68 silly audit   inherits: [ '2.0.4' ],
68 silly audit   'internal-slot': [ '1.1.0' ],
68 silly audit   'is-array-buffer': [ '3.0.5' ],
68 silly audit   'is-arrayish': [ '0.3.2' ],
68 silly audit   'is-async-function': [ '2.1.1' ],
68 silly audit   'is-bigint': [ '1.1.0' ],
68 silly audit   'is-binary-path': [ '2.1.0' ],
68 silly audit   'is-boolean-object': [ '1.2.1' ],
68 silly audit   'is-bun-module': [ '1.3.0' ],
68 silly audit   'is-callable': [ '1.2.7' ],
68 silly audit   'is-core-module': [ '2.16.1' ],
68 silly audit   'is-data-view': [ '1.0.2' ],
68 silly audit   'is-date-object': [ '1.1.0' ],
68 silly audit   'is-extglob': [ '2.1.1' ],
68 silly audit   'is-finalizationregistry': [ '1.1.1' ],
68 silly audit   'is-fullwidth-code-point': [ '3.0.0' ],
68 silly audit   'is-generator-function': [ '1.1.0' ],
68 silly audit   'is-glob': [ '4.0.3' ],
68 silly audit   'is-map': [ '2.0.3' ],
68 silly audit   'is-module': [ '1.0.0' ],
68 silly audit   'is-number': [ '7.0.0' ],
68 silly audit   'is-number-object': [ '1.1.1' ],
68 silly audit   'is-obj': [ '1.0.1' ],
68 silly audit   'is-regex': [ '1.2.1' ],
68 silly audit   'is-regexp': [ '1.0.0' ],
68 silly audit   'is-set': [ '2.0.3' ],
68 silly audit   'is-shared-array-buffer': [ '1.0.4' ],
68 silly audit   'is-stream': [ '2.0.1' ],
68 silly audit   'is-string': [ '1.1.1' ],
68 silly audit   'is-symbol': [ '1.1.1' ],
68 silly audit   'is-typed-array': [ '1.1.15' ],
68 silly audit   'is-weakmap': [ '2.0.2' ],
68 silly audit   'is-weakref': [ '1.1.0' ],
68 silly audit   'is-weakset': [ '2.0.4' ],
68 silly audit   isarray: [ '2.0.5' ],
68 silly audit   isexe: [ '2.0.0' ],
68 silly audit   'iterator.prototype': [ '1.1.5' ],
68 silly audit   jackspeak: [ '3.4.3' ],
68 silly audit   jake: [ '10.9.2' ],
68 silly audit   'jest-worker': [ '27.5.1' ],
68 silly audit   'supports-color': [ '8.1.1', '7.2.0' ],
68 silly audit   jiti: [ '1.21.7' ],
68 silly audit   'js-tokens': [ '4.0.0' ],
68 silly audit   'js-yaml': [ '4.1.0' ],
68 silly audit   jsesc: [ '3.1.0', '3.0.2' ],
68 silly audit   'json-buffer': [ '3.0.1' ],
68 silly audit   'json-parse-even-better-errors': [ '2.3.1' ],
68 silly audit   'json-schema': [ '0.4.0' ],
68 silly audit   'json-stable-stringify-without-jsonify': [ '1.0.1' ],
68 silly audit   jsonfile: [ '6.1.0' ],
68 silly audit   jsonpointer: [ '5.0.1' ],
68 silly audit   'jsx-ast-utils': [ '3.3.5' ],
68 silly audit   keyv: [ '4.5.4' ],
68 silly audit   'language-subtag-registry': [ '0.3.23' ],
68 silly audit   'language-tags': [ '1.0.9' ],
68 silly audit   leven: [ '3.1.0' ],
68 silly audit   levn: [ '0.4.1' ],
68 silly audit   lilconfig: [ '3.1.3' ],
68 silly audit   'lines-and-columns': [ '1.2.4' ],
68 silly audit   'loader-runner': [ '4.3.0' ],
68 silly audit   'locate-path': [ '6.0.0' ],
68 silly audit   lodash: [ '4.17.21' ],
68 silly audit   'lodash.debounce': [ '4.0.8' ],
68 silly audit   'lodash.merge': [ '4.6.2' ],
68 silly audit   'lodash.sortby': [ '4.7.0' ],
68 silly audit   'loose-envify': [ '1.4.0' ],
68 silly audit   'magic-string': [ '0.25.9' ],
68 silly audit   'math-intrinsics': [ '1.1.0' ],
68 silly audit   'merge-stream': [ '2.0.0' ],
68 silly audit   merge2: [ '1.4.1' ],
68 silly audit   micromatch: [ '4.0.8' ],
68 silly audit   'mime-db': [ '1.52.0' ],
68 silly audit   'mime-types': [ '2.1.35' ],
68 silly audit   minimist: [ '1.2.8' ],
68 silly audit   minipass: [ '7.1.2' ],
68 silly audit   ms: [ '2.1.3' ],
68 silly audit   mz: [ '2.7.0' ],
68 silly audit   nanoid: [ '3.3.8' ],
68 silly audit   'natural-compare': [ '1.4.0' ],
68 silly audit   'neo-async': [ '2.6.2' ],
68 silly audit   next: [ '15.5.0' ],
68 silly audit   postcss: [ '8.4.31', '8.5.1' ],
68 silly audit   'node-releases': [ '2.0.19' ],
68 silly audit   'normalize-path': [ '3.0.0' ],
68 silly audit   'object-assign': [ '4.1.1' ],
68 silly audit   'object-hash': [ '3.0.0' ],
68 silly audit   'object-inspect': [ '1.13.3' ],
68 silly audit   'object-keys': [ '1.1.1' ],
68 silly audit   'object.assign': [ '4.1.7' ],
68 silly audit   'object.entries': [ '1.1.8' ],
68 silly audit   'object.fromentries': [ '2.0.8' ],
68 silly audit   'object.groupby': [ '1.0.3' ],
68 silly audit   'object.values': [ '1.2.1' ],
68 silly audit   once: [ '1.4.0' ],
68 silly audit   optionator: [ '0.9.4' ],
68 silly audit   'own-keys': [ '1.0.1' ],
68 silly audit   'p-limit': [ '3.1.0' ],
68 silly audit   'p-locate': [ '5.0.0' ],
68 silly audit   'package-json-from-dist': [ '1.0.1' ],
68 silly audit   'parent-module': [ '1.0.1' ],
68 silly audit   'path-exists': [ '4.0.0' ],
68 silly audit   'path-is-absolute': [ '1.0.1' ],
68 silly audit   'path-key': [ '3.1.1' ],
68 silly audit   'path-parse': [ '1.0.7' ],
68 silly audit   'path-scurry': [ '1.11.1' ],
68 silly audit   picocolors: [ '1.1.1' ],
68 silly audit   pify: [ '2.3.0' ],
68 silly audit   pirates: [ '4.0.6' ],
68 silly audit   'possible-typed-array-names': [ '1.0.0' ],
68 silly audit   'postcss-import': [ '15.1.0' ],
68 silly audit   'postcss-js': [ '4.0.1' ],
68 silly audit   'postcss-load-config': [ '4.0.2' ],
68 silly audit   'postcss-nested': [ '6.2.0' ],
68 silly audit   'postcss-selector-parser': [ '6.1.2' ],
68 silly audit   'postcss-value-parser': [ '4.2.0' ],
68 silly audit   'prelude-ls': [ '1.2.1' ],
68 silly audit   'pretty-bytes': [ '5.6.0' ],
68 silly audit   'prop-types': [ '15.8.1' ],
68 silly audit   punycode: [ '2.3.1' ],
68 silly audit   'queue-microtask': [ '1.2.3' ],
68 silly audit   randombytes: [ '2.1.0' ],
68 silly audit   react: [ '19.0.0' ],
68 silly audit   'react-dom': [ '19.0.0' ],
68 silly audit   'react-is': [ '16.13.1' ],
68 silly audit   'read-cache': [ '1.0.0' ],
68 silly audit   readdirp: [ '3.6.0' ],
68 silly audit   'reflect.getprototypeof': [ '1.0.10' ],
68 silly audit   regenerate: [ '1.4.2' ],
68 silly audit   'regenerate-unicode-properties': [ '10.2.0' ],
68 silly audit   'regenerator-transform': [ '0.15.2' ],
68 silly audit   'regexp.prototype.flags': [ '1.5.4' ],
68 silly audit   'regexpu-core': [ '6.2.0' ],
68 silly audit   regjsgen: [ '0.8.0' ],
68 silly audit   regjsparser: [ '0.12.0' ],
68 silly audit   'require-from-string': [ '2.0.2' ],
68 silly audit   'resolve-from': [ '4.0.0' ],
68 silly audit   'resolve-pkg-maps': [ '1.0.0' ],
68 silly audit   reusify: [ '1.0.4' ],
68 silly audit   rollup: [ '2.79.2' ],
68 silly audit   'run-parallel': [ '1.2.0' ],
68 silly audit   'safe-array-concat': [ '1.1.3' ],
68 silly audit   'safe-buffer': [ '5.2.1' ],
68 silly audit   'safe-push-apply': [ '1.0.0' ],
68 silly audit   'safe-regex-test': [ '1.1.0' ],
68 silly audit   scheduler: [ '0.25.0' ],
68 silly audit   'schema-utils': [ '4.3.2' ],
68 silly audit   'serialize-javascript': [ '6.0.2' ],
68 silly audit   'set-function-length': [ '1.2.2' ],
68 silly audit   'set-function-name': [ '2.0.2' ],
68 silly audit   'set-proto': [ '1.0.0' ],
68 silly audit   sharp: [ '0.34.3' ],
68 silly audit   'shebang-command': [ '2.0.0' ],
68 silly audit   'shebang-regex': [ '3.0.0' ],
68 silly audit   'side-channel': [ '1.1.0' ],
68 silly audit   'side-channel-list': [ '1.0.0' ],
68 silly audit   'side-channel-map': [ '1.0.1' ],
68 silly audit   'side-channel-weakmap': [ '1.0.2' ],
68 silly audit   'signal-exit': [ '4.1.0' ],
68 silly audit   'simple-swizzle': [ '0.2.2' ],
68 silly audit   smob: [ '1.5.0' ],
68 silly audit   'source-list-map': [ '2.0.1' ],
68 silly audit   'source-map': [ '0.6.1', '0.8.0-beta.0' ],
68 silly audit   'source-map-js': [ '1.2.1' ],
68 silly audit   'source-map-support': [ '0.5.21' ],
68 silly audit   'sourcemap-codec': [ '1.4.8' ],
68 silly audit   'stable-hash': [ '0.0.4' ],
68 silly audit   'string-width': [ '5.1.2', '4.2.3' ],
68 silly audit   'strip-ansi': [ '6.0.1', '7.1.0' ],
68 silly audit   'string.prototype.includes': [ '2.0.1' ],
68 silly audit   'string.prototype.matchall': [ '4.0.12' ],
68 silly audit   'string.prototype.repeat': [ '1.0.0' ],
68 silly audit   'string.prototype.trim': [ '1.2.10' ],
68 silly audit   'string.prototype.trimend': [ '1.0.9' ],
68 silly audit   'string.prototype.trimstart': [ '1.0.8' ],
68 silly audit   'stringify-object': [ '3.3.0' ],
68 silly audit   'strip-bom': [ '3.0.0' ],
68 silly audit   'strip-comments': [ '2.0.1' ],
68 silly audit   'strip-json-comments': [ '3.1.1' ],
68 silly audit   'styled-jsx': [ '5.1.6' ],
68 silly audit   sucrase: [ '3.35.0' ],
68 silly audit   'supports-preserve-symlinks-flag': [ '1.0.0' ],
68 silly audit   tailwindcss: [ '3.4.17' ],
68 silly audit   tapable: [ '2.2.1' ],
68 silly audit   'temp-dir': [ '2.0.0' ],
68 silly audit   tempy: [ '0.6.0' ],
68 silly audit   terser: [ '5.37.0' ],
68 silly audit   'terser-webpack-plugin': [ '5.3.11' ],
68 silly audit   thenify: [ '3.3.1' ],
68 silly audit   'thenify-all': [ '1.6.0' ],
68 silly audit   'to-regex-range': [ '5.0.1' ],
68 silly audit   tr46: [ '1.0.1' ],
68 silly audit   'ts-api-utils': [ '2.0.0' ],
68 silly audit   'ts-interface-checker': [ '0.1.13' ],
68 silly audit   'tsconfig-paths': [ '3.15.0' ],
68 silly audit   tslib: [ '2.8.1' ],
68 silly audit   'type-check': [ '0.4.0' ],
68 silly audit   'type-fest': [ '0.16.0' ],
68 silly audit   'typed-array-buffer': [ '1.0.3' ],
68 silly audit   'typed-array-byte-length': [ '1.0.3' ],
68 silly audit   'typed-array-byte-offset': [ '1.0.4' ],
68 silly audit   'typed-array-length': [ '1.0.7' ],
68 silly audit   typescript: [ '5.7.3' ],
68 silly audit   'unbox-primitive': [ '1.1.0' ],
68 silly audit   'undici-types': [ '6.19.8' ],
68 silly audit   'unicode-canonical-property-names-ecmascript': [ '2.0.1' ],
68 silly audit   'unicode-match-property-ecmascript': [ '2.0.0' ],
68 silly audit   'unicode-match-property-value-ecmascript': [ '2.2.0' ],
68 silly audit   'unicode-property-aliases-ecmascript': [ '2.1.0' ],
68 silly audit   'unique-string': [ '2.0.0' ],
68 silly audit   universalify: [ '2.0.1' ],
68 silly audit   upath: [ '1.2.0' ],
68 silly audit   'update-browserslist-db': [ '1.1.2' ],
68 silly audit   'uri-js': [ '4.4.1' ],
68 silly audit   'util-deprecate': [ '1.0.2' ],
68 silly audit   watchpack: [ '2.4.2' ],
68 silly audit   'webidl-conversions': [ '4.0.2' ],
68 silly audit   'webpack-sources': [ '1.4.3', '3.3.3' ],
68 silly audit   'whatwg-url': [ '7.1.0' ],
68 silly audit   which: [ '2.0.2' ],
68 silly audit   'which-boxed-primitive': [ '1.1.1' ],
68 silly audit   'which-builtin-type': [ '1.2.1' ],
68 silly audit   'which-collection': [ '1.0.2' ],
68 silly audit   'which-typed-array': [ '1.1.18' ],
68 silly audit   'word-wrap': [ '1.2.5' ],
68 silly audit   'workbox-background-sync': [ '7.1.0' ],
68 silly audit   'workbox-broadcast-update': [ '7.1.0' ],
68 silly audit   'workbox-build': [ '7.1.1', '7.1.0' ],
68 silly audit   '@apideck/better-ajv-errors': [ '0.3.6' ],
68 silly audit   'workbox-cacheable-response': [ '7.1.0' ],
68 silly audit   'workbox-core': [ '7.1.0' ],
68 silly audit   'workbox-expiration': [ '7.1.0' ],
68 silly audit   'workbox-google-analytics': [ '7.1.0' ],
68 silly audit   'workbox-navigation-preload': [ '7.1.0' ],
68 silly audit   'workbox-precaching': [ '7.1.0' ],
68 silly audit   'workbox-range-requests': [ '7.1.0' ],
68 silly audit   'workbox-recipes': [ '7.1.0' ],
68 silly audit   'workbox-routing': [ '7.1.0' ],
68 silly audit   'workbox-strategies': [ '7.1.0' ],
68 silly audit   'workbox-streams': [ '7.1.0' ],
68 silly audit   'workbox-sw': [ '7.1.0' ],
68 silly audit   'workbox-webpack-plugin': [ '7.1.0' ],
68 silly audit   'workbox-window': [ '7.1.0' ],
68 silly audit   'wrap-ansi': [ '8.1.0', '7.0.0' ],
68 silly audit   wrappy: [ '1.0.2' ],
68 silly audit   yallist: [ '3.1.1' ],
68 silly audit   yaml: [ '2.7.0' ],
68 silly audit   'yocto-queue': [ '0.1.0' ],
68 silly audit   webpack: [ '5.101.3' ],
68 silly audit   'acorn-import-phases': [ '1.0.4' ],
68 silly audit   'ajv-keywords': [ '5.1.0' ]
68 silly audit }
69 http cache acorn-import-phases@https://registry.npmjs.org/acorn-import-phases/-/acorn-import-phases-1.0.4.tgz 0ms (cache hit)
70 http cache webpack-sources@https://registry.npmjs.org/webpack-sources/-/webpack-sources-3.3.3.tgz 0ms (cache hit)
71 http cache webpack@https://registry.npmjs.org/webpack/-/webpack-5.101.3.tgz 0ms (cache hit)
72 http cache schema-utils@https://registry.npmjs.org/schema-utils/-/schema-utils-4.3.2.tgz 0ms (cache hit)
73 http cache @types/estree@https://registry.npmjs.org/@types/estree/-/estree-1.0.8.tgz 0ms (cache hit)
74 http cache json-schema-traverse@https://registry.npmjs.org/json-schema-traverse/-/json-schema-traverse-1.0.0.tgz 0ms (cache hit)
75 http cache ajv-keywords@https://registry.npmjs.org/ajv-keywords/-/ajv-keywords-5.1.0.tgz 0ms (cache hit)
76 http cache ajv@https://registry.npmjs.org/ajv/-/ajv-8.17.1.tgz 0ms (cache hit)
77 silly tarball no local data for acorn-import-phases@https://registry.npmjs.org/acorn-import-phases/-/acorn-import-phases-1.0.4.tgz. Extracting by manifest.
78 silly tarball no local data for webpack-sources@https://registry.npmjs.org/webpack-sources/-/webpack-sources-3.3.3.tgz. Extracting by manifest.
79 silly tarball no local data for webpack@https://registry.npmjs.org/webpack/-/webpack-5.101.3.tgz. Extracting by manifest.
80 silly tarball no local data for schema-utils@https://registry.npmjs.org/schema-utils/-/schema-utils-4.3.2.tgz. Extracting by manifest.
81 silly tarball no local data for @types/estree@https://registry.npmjs.org/@types/estree/-/estree-1.0.8.tgz. Extracting by manifest.
82 http fetch POST 200 https://registry.npmjs.org/-/npm/v1/security/advisories/bulk 330ms
83 silly audit report {}
84 http fetch GET 200 https://registry.npmjs.org/acorn-import-phases/-/acorn-import-phases-1.0.4.tgz 313ms (cache miss)
85 http fetch GET 200 https://registry.npmjs.org/@types/estree/-/estree-1.0.8.tgz 591ms (cache miss)
86 http fetch GET 200 https://registry.npmjs.org/webpack-sources/-/webpack-sources-3.3.3.tgz 752ms (cache miss)
87 http fetch GET 200 https://registry.npmjs.org/schema-utils/-/schema-utils-4.3.2.tgz 884ms (cache miss)
88 http fetch GET 200 https://registry.npmjs.org/webpack/-/webpack-5.101.3.tgz 7468ms (cache miss)
89 silly ADD node_modules/acorn-import-phases
90 silly CHANGE node_modules/webpack-sources
91 silly CHANGE node_modules/webpack
92 silly REMOVE node_modules/terser-webpack-plugin/node_modules/schema-utils
93 silly REMOVE node_modules/terser-webpack-plugin/node_modules/json-schema-traverse
94 silly REMOVE node_modules/terser-webpack-plugin/node_modules/ajv-keywords
95 silly REMOVE node_modules/terser-webpack-plugin/node_modules/ajv
96 silly CHANGE node_modules/schema-utils
97 silly ADD node_modules/schema-utils/node_modules/json-schema-traverse
98 silly ADD node_modules/schema-utils/node_modules/ajv-keywords
99 silly ADD node_modules/schema-utils/node_modules/ajv
100 silly REMOVE node_modules/ajv-keywords
101 silly CHANGE node_modules/@types/estree
102 verbose cwd D:\كورسات برمجة\frontend web\ALX\FE Pro Dev\FE PRO DEV-projects\alx-pwa-0x01\alx-movie-app
103 verbose os Windows_NT 10.0.19045
104 verbose node v22.17.0
105 verbose npm  v11.5.2
106 verbose exit 0
107 info ok
