0 verbose cli C:\Program Files\nodejs\node.exe C:\Users\user\AppData\Roaming\npm\node_modules\npm\bin\npm-cli.js
1 info using npm@11.4.2
2 info using node@v22.17.0
3 silly config load:file:C:\Users\user\AppData\Roaming\npm\node_modules\npm\npmrc
4 silly config load:file:D:\كورسات برمجة\frontend web\ALX\FE Pro Dev\FE PRO DEV-projects\alx-pwa-0x01\alx-movie-app\.npmrc
5 silly config load:file:C:\Users\user\.npmrc
6 silly config load:file:C:\Users\user\AppData\Roaming\npm\etc\npmrc
7 verbose title npm install next
8 verbose argv "install" "next"
9 verbose logfile logs-max:10 dir:D:\كورسات برمجة\frontend web\ALX\FE Pro Dev\FE PRO DEV-projects\alx-pwa-0x01\alx-movie-app\clean\_logs\2025-08-19T21_49_14_648Z-
10 verbose logfile D:\كورسات برمجة\frontend web\ALX\FE Pro Dev\FE PRO DEV-projects\alx-pwa-0x01\alx-movie-app\clean\_logs\2025-08-19T21_49_14_648Z-debug-0.log
11 silly logfile done cleaning log files
12 silly packumentCache heap:2197815296 maxSize:549453824 maxEntrySize:274726912
13 silly idealTree buildDeps
14 silly fetch manifest next@15.1.6
15 silly packumentCache full:https://registry.npmjs.org/next cache-miss
16 silly placeDep ROOT next@ REPLACE for: alx-movie-app@0.1.0 want: 15.1.6
17 warn ERESOLVE overriding peer dependency {
17 warn ERESOLVE   code: 'ERESOLVE',
17 warn ERESOLVE   edge: {
17 warn ERESOLVE     type: 'peer',
17 warn ERESOLVE     name: 'next',
17 warn ERESOLVE     spec: '>=14.0.0',
17 warn ERESOLVE     from: {
17 warn ERESOLVE       name: '@ducanh2912/next-pwa',
17 warn ERESOLVE       version: '10.2.9',
17 warn ERESOLVE       location: 'node_modules/@ducanh2912/next-pwa',
17 warn ERESOLVE       isWorkspace: false,
17 warn ERESOLVE       dependents: [Array]
17 warn ERESOLVE     }
17 warn ERESOLVE   },
17 warn ERESOLVE   dep: {
17 warn ERESOLVE     name: 'next',
17 warn ERESOLVE     version: undefined,
17 warn ERESOLVE     errors: [ [TypeError] ],
17 warn ERESOLVE     package: {},
17 warn ERESOLVE     whileInstalling: {
17 warn ERESOLVE       name: 'alx-movie-app',
17 warn ERESOLVE       version: '0.1.0',
17 warn ERESOLVE       path: 'D:\\كورسات برمجة\\frontend web\\ALX\\FE Pro Dev\\FE PRO DEV-projects\\alx-pwa-0x01\\alx-movie-app'
17 warn ERESOLVE     },
17 warn ERESOLVE     location: 'node_modules/next',
17 warn ERESOLVE     isWorkspace: false,
17 warn ERESOLVE     dependents: [ [Object] ]
17 warn ERESOLVE   },
17 warn ERESOLVE   force: false,
17 warn ERESOLVE   isMine: true,
17 warn ERESOLVE   strictPeerDeps: false,
17 warn ERESOLVE   current: {
17 warn ERESOLVE     name: 'next',
17 warn ERESOLVE     version: '15.1.6',
17 warn ERESOLVE     location: 'node_modules/next',
17 warn ERESOLVE     isWorkspace: false,
17 warn ERESOLVE     dependents: [ [Object], [Object] ]
17 warn ERESOLVE   }
17 warn ERESOLVE }
18 verbose stack TypeError: Invalid URL
18 verbose stack     at new URL (node:internal/url:818:25)
18 verbose stack     at getProxy (C:\Users\user\AppData\Roaming\npm\node_modules\npm\node_modules\@npmcli\agent\lib\proxy.js:81:10)
18 verbose stack     at getAgent (C:\Users\user\AppData\Roaming\npm\node_modules\npm\node_modules\@npmcli\agent\lib\index.js:19:23)
18 verbose stack     at remoteFetch (C:\Users\user\AppData\Roaming\npm\node_modules\npm\node_modules\make-fetch-happen\lib\remote.js:39:17)
18 verbose stack     at cacheFetch (C:\Users\user\AppData\Roaming\npm\node_modules\npm\node_modules\make-fetch-happen\lib\cache\index.js:16:28)
18 verbose stack     at async fetch (C:\Users\user\AppData\Roaming\npm\node_modules\npm\node_modules\make-fetch-happen\lib\fetch.js:98:7)
18 verbose stack     at async RegistryFetcher.packument (C:\Users\user\AppData\Roaming\npm\node_modules\npm\node_modules\pacote\lib\registry.js:90:19)
18 verbose stack     at async RegistryFetcher.manifest (C:\Users\user\AppData\Roaming\npm\node_modules\npm\node_modules\pacote\lib\registry.js:128:23)
18 verbose stack     at async #fetchManifest (C:\Users\user\AppData\Roaming\npm\node_modules\npm\node_modules\@npmcli\arborist\lib\arborist\build-ideal-tree.js:1213:20)
18 verbose stack     at async #nodeFromEdge (C:\Users\user\AppData\Roaming\npm\node_modules\npm\node_modules\@npmcli\arborist\lib\arborist\build-ideal-tree.js:1051:19)
19 error code ERR_INVALID_URL
20 error Invalid URL
21 silly unfinished npm timer reify 1755640156086
22 silly unfinished npm timer reify:loadTrees 1755640156091
23 verbose cwd D:\كورسات برمجة\frontend web\ALX\FE Pro Dev\FE PRO DEV-projects\alx-pwa-0x01\alx-movie-app
24 verbose os Windows_NT 10.0.19045
25 verbose node v22.17.0
26 verbose npm  v11.4.2
27 verbose exit 1
28 verbose code 1
29 error A complete log of this run can be found in: D:\كورسات برمجة\frontend web\ALX\FE Pro Dev\FE PRO DEV-projects\alx-pwa-0x01\alx-movie-app\clean\_logs\2025-08-19T21_49_14_648Z-debug-0.log
